This file contains any messages produced by compilers while
running configure, to aid debugging if configure makes a mistake.

It was created by Xdelta3 configure 3.0.4, which was
generated by GNU Autoconf 2.68.  Invocation command line was

  $ ./configure 

## --------- ##
## Platform. ##
## --------- ##

hostname = hp-ubuntu
uname -m = x86_64
uname -r = 3.5.0-49-generic
uname -s = Linux
uname -v = #73~precise1-Ubuntu SMP Wed Apr 2 18:35:12 UTC 2014

/usr/bin/uname -p = unknown
/bin/uname -X     = unknown

/bin/arch              = unknown
/usr/bin/arch -k       = unknown
/usr/convex/getsysinfo = unknown
/usr/bin/hostinfo      = unknown
/bin/machine           = unknown
/usr/bin/oslevel       = unknown
/bin/universe          = unknown

PATH: /usr/lib/java/jdk1.6.0_45/bin
PATH: /home/yaotong/dev/tools/adt/sdk/tools
PATH: /home/yaotong/dev/tools/adt/sdk/platform-tools
PATH: /home/yaotong/dev/tools/android-ndk-r9b
PATH: /home/yaotong/dev/tools/android-ndk-r9b/toolchains/arm-linux-androideabi-4.6/prebuilt/linux-x86_64/bin
PATH: /home/yaotong/bin
PATH: /home/yaotong/dev/tools/dex2jar-0.0.9.15
PATH: .
PATH: /home/yaotong/dev/tools/adt/sdk/build-tools/18.1.1
PATH: .
PATH: /home/yaotong/bin
PATH: /usr/lib/lightdm/lightdm
PATH: /usr/local/sbin
PATH: /usr/local/bin
PATH: /usr/sbin
PATH: /usr/bin
PATH: /sbin
PATH: /bin
PATH: /usr/games


## ----------- ##
## Core tests. ##
## ----------- ##

configure:2146: checking for a BSD-compatible install
configure:2214: result: /usr/bin/install -c
configure:2225: checking whether build environment is sane
configure:2275: result: yes
configure:2416: checking for a thread-safe mkdir -p
configure:2455: result: /bin/mkdir -p
configure:2468: checking for gawk
configure:2498: result: no
configure:2468: checking for mawk
configure:2484: found /usr/bin/mawk
configure:2495: result: mawk
configure:2506: checking whether make sets $(MAKE)
configure:2528: result: yes
configure:2594: checking how to create a ustar tar archive
configure:2607: tar --version
tar (GNU tar) 1.26
Copyright (C) 2011 Free Software Foundation, Inc.
License GPLv3+: GNU GPL version 3 or later <http://gnu.org/licenses/gpl.html>.
This is free software: you are free to change and redistribute it.
There is NO WARRANTY, to the extent permitted by law.

Written by John Gilmore and Jay Fenlason.
configure:2610: $? = 0
configure:2650: tardir=conftest.dir && eval tar --format=ustar -chf - "$tardir" >conftest.tar
configure:2653: $? = 0
configure:2657: tar -xf - <conftest.tar
configure:2660: $? = 0
configure:2673: result: gnutar
configure:2729: checking for gcc
configure:2745: found /usr/bin/gcc
configure:2756: result: gcc
configure:2985: checking for C compiler version
configure:2994: gcc --version >&5
gcc (Ubuntu/Linaro 4.6.3-1ubuntu5) 4.6.3
Copyright (C) 2011 Free Software Foundation, Inc.
This is free software; see the source for copying conditions.  There is NO
warranty; not even for MERCHANTABILITY or FITNESS FOR A PARTICULAR PURPOSE.

configure:3005: $? = 0
configure:2994: gcc -v >&5
Using built-in specs.
COLLECT_GCC=gcc
COLLECT_LTO_WRAPPER=/usr/lib/gcc/x86_64-linux-gnu/4.6/lto-wrapper
Target: x86_64-linux-gnu
Configured with: ../src/configure -v --with-pkgversion='Ubuntu/Linaro 4.6.3-1ubuntu5' --with-bugurl=file:///usr/share/doc/gcc-4.6/README.Bugs --enable-languages=c,c++,fortran,objc,obj-c++ --prefix=/usr --program-suffix=-4.6 --enable-shared --enable-linker-build-id --with-system-zlib --libexecdir=/usr/lib --without-included-gettext --enable-threads=posix --with-gxx-include-dir=/usr/include/c++/4.6 --libdir=/usr/lib --enable-nls --with-sysroot=/ --enable-clocale=gnu --enable-libstdcxx-debug --enable-libstdcxx-time=yes --enable-gnu-unique-object --enable-plugin --enable-objc-gc --disable-werror --with-arch-32=i686 --with-tune=generic --enable-checking=release --build=x86_64-linux-gnu --host=x86_64-linux-gnu --target=x86_64-linux-gnu
Thread model: posix
gcc version 4.6.3 (Ubuntu/Linaro 4.6.3-1ubuntu5) 
configure:3005: $? = 0
configure:2994: gcc -V >&5
gcc: error: unrecognized option '-V'
gcc: fatal error: no input files
compilation terminated.
configure:3005: $? = 4
configure:2994: gcc -qversion >&5
gcc: error: unrecognized option '-qversion'
gcc: fatal error: no input files
compilation terminated.
configure:3005: $? = 4
configure:3025: checking whether the C compiler works
configure:3047: gcc    conftest.c  >&5
configure:3051: $? = 0
configure:3099: result: yes
configure:3102: checking for C compiler default output file name
configure:3104: result: a.out
configure:3110: checking for suffix of executables
configure:3117: gcc -o conftest    conftest.c  >&5
configure:3121: $? = 0
configure:3143: result: 
configure:3165: checking whether we are cross compiling
configure:3173: gcc -o conftest    conftest.c  >&5
configure:3177: $? = 0
configure:3184: ./conftest
configure:3188: $? = 0
configure:3203: result: no
configure:3208: checking for suffix of object files
configure:3230: gcc -c   conftest.c >&5
configure:3234: $? = 0
configure:3255: result: o
configure:3259: checking whether we are using the GNU C compiler
configure:3278: gcc -c   conftest.c >&5
configure:3278: $? = 0
configure:3287: result: yes
configure:3296: checking whether gcc accepts -g
configure:3316: gcc -c -g  conftest.c >&5
configure:3316: $? = 0
configure:3357: result: yes
configure:3374: checking for gcc option to accept ISO C89
configure:3438: gcc  -c -g -O2  conftest.c >&5
configure:3438: $? = 0
configure:3451: result: none needed
configure:3482: checking for style of include used by make
configure:3510: result: GNU
configure:3536: checking dependency style of gcc
configure:3647: result: gcc3
configure:3720: checking for g++
configure:3736: found /usr/bin/g++
configure:3747: result: g++
configure:3774: checking for C++ compiler version
configure:3783: g++ --version >&5
g++ (Ubuntu/Linaro 4.6.3-1ubuntu5) 4.6.3
Copyright (C) 2011 Free Software Foundation, Inc.
This is free software; see the source for copying conditions.  There is NO
warranty; not even for MERCHANTABILITY or FITNESS FOR A PARTICULAR PURPOSE.

configure:3794: $? = 0
configure:3783: g++ -v >&5
Using built-in specs.
COLLECT_GCC=g++
COLLECT_LTO_WRAPPER=/usr/lib/gcc/x86_64-linux-gnu/4.6/lto-wrapper
Target: x86_64-linux-gnu
Configured with: ../src/configure -v --with-pkgversion='Ubuntu/Linaro 4.6.3-1ubuntu5' --with-bugurl=file:///usr/share/doc/gcc-4.6/README.Bugs --enable-languages=c,c++,fortran,objc,obj-c++ --prefix=/usr --program-suffix=-4.6 --enable-shared --enable-linker-build-id --with-system-zlib --libexecdir=/usr/lib --without-included-gettext --enable-threads=posix --with-gxx-include-dir=/usr/include/c++/4.6 --libdir=/usr/lib --enable-nls --with-sysroot=/ --enable-clocale=gnu --enable-libstdcxx-debug --enable-libstdcxx-time=yes --enable-gnu-unique-object --enable-plugin --enable-objc-gc --disable-werror --with-arch-32=i686 --with-tune=generic --enable-checking=release --build=x86_64-linux-gnu --host=x86_64-linux-gnu --target=x86_64-linux-gnu
Thread model: posix
gcc version 4.6.3 (Ubuntu/Linaro 4.6.3-1ubuntu5) 
configure:3794: $? = 0
configure:3783: g++ -V >&5
g++: error: unrecognized option '-V'
g++: fatal error: no input files
compilation terminated.
configure:3794: $? = 4
configure:3783: g++ -qversion >&5
g++: error: unrecognized option '-qversion'
g++: fatal error: no input files
compilation terminated.
configure:3794: $? = 4
configure:3798: checking whether we are using the GNU C++ compiler
configure:3817: g++ -c   conftest.cpp >&5
configure:3817: $? = 0
configure:3826: result: yes
configure:3835: checking whether g++ accepts -g
configure:3855: g++ -c -g  conftest.cpp >&5
configure:3855: $? = 0
configure:3896: result: yes
configure:3921: checking dependency style of g++
configure:4032: result: gcc3
configure:4053: checking how to run the C preprocessor
configure:4084: gcc -E  conftest.c
configure:4084: $? = 0
configure:4098: gcc -E  conftest.c
conftest.c:9:28: fatal error: ac_nonexistent.h: No such file or directory
compilation terminated.
configure:4098: $? = 1
configure: failed program was:
| /* confdefs.h */
| #define PACKAGE_NAME "Xdelta3"
| #define PACKAGE_TARNAME "xdelta3"
| #define PACKAGE_VERSION "3.0.4"
| #define PACKAGE_STRING "Xdelta3 3.0.4"
| #define PACKAGE_BUGREPORT "josh.macdonald@gmail.com"
| #define PACKAGE_URL "http://xdelta.org/"
| /* end confdefs.h.  */
| #include <ac_nonexistent.h>
configure:4123: result: gcc -E
configure:4143: gcc -E  conftest.c
configure:4143: $? = 0
configure:4157: gcc -E  conftest.c
conftest.c:9:28: fatal error: ac_nonexistent.h: No such file or directory
compilation terminated.
configure:4157: $? = 1
configure: failed program was:
| /* confdefs.h */
| #define PACKAGE_NAME "Xdelta3"
| #define PACKAGE_TARNAME "xdelta3"
| #define PACKAGE_VERSION "3.0.4"
| #define PACKAGE_STRING "Xdelta3 3.0.4"
| #define PACKAGE_BUGREPORT "josh.macdonald@gmail.com"
| #define PACKAGE_URL "http://xdelta.org/"
| /* end confdefs.h.  */
| #include <ac_nonexistent.h>
configure:4186: checking for grep that handles long lines and -e
configure:4244: result: /bin/grep
configure:4249: checking for egrep
configure:4311: result: /bin/grep -E
configure:4316: checking for ANSI C header files
configure:4336: gcc -c -g -O2  conftest.c >&5
configure:4336: $? = 0
configure:4409: gcc -o conftest -g -O2   conftest.c  >&5
configure:4409: $? = 0
configure:4409: ./conftest
configure:4409: $? = 0
configure:4420: result: yes
configure:4433: checking for sys/types.h
configure:4433: gcc -c -g -O2  conftest.c >&5
configure:4433: $? = 0
configure:4433: result: yes
configure:4433: checking for sys/stat.h
configure:4433: gcc -c -g -O2  conftest.c >&5
configure:4433: $? = 0
configure:4433: result: yes
configure:4433: checking for stdlib.h
configure:4433: gcc -c -g -O2  conftest.c >&5
configure:4433: $? = 0
configure:4433: result: yes
configure:4433: checking for string.h
configure:4433: gcc -c -g -O2  conftest.c >&5
configure:4433: $? = 0
configure:4433: result: yes
configure:4433: checking for memory.h
configure:4433: gcc -c -g -O2  conftest.c >&5
configure:4433: $? = 0
configure:4433: result: yes
configure:4433: checking for strings.h
configure:4433: gcc -c -g -O2  conftest.c >&5
configure:4433: $? = 0
configure:4433: result: yes
configure:4433: checking for inttypes.h
configure:4433: gcc -c -g -O2  conftest.c >&5
configure:4433: $? = 0
configure:4433: result: yes
configure:4433: checking for stdint.h
configure:4433: gcc -c -g -O2  conftest.c >&5
configure:4433: $? = 0
configure:4433: result: yes
configure:4433: checking for unistd.h
configure:4433: gcc -c -g -O2  conftest.c >&5
configure:4433: $? = 0
configure:4433: result: yes
configure:4447: checking lzma.h usability
configure:4447: gcc -c -g -O2  conftest.c >&5
conftest.c:52:18: fatal error: lzma.h: No such file or directory
compilation terminated.
configure:4447: $? = 1
configure: failed program was:
| /* confdefs.h */
| #define PACKAGE_NAME "Xdelta3"
| #define PACKAGE_TARNAME "xdelta3"
| #define PACKAGE_VERSION "3.0.4"
| #define PACKAGE_STRING "Xdelta3 3.0.4"
| #define PACKAGE_BUGREPORT "josh.macdonald@gmail.com"
| #define PACKAGE_URL "http://xdelta.org/"
| #define STDC_HEADERS 1
| #define HAVE_SYS_TYPES_H 1
| #define HAVE_SYS_STAT_H 1
| #define HAVE_STDLIB_H 1
| #define HAVE_STRING_H 1
| #define HAVE_MEMORY_H 1
| #define HAVE_STRINGS_H 1
| #define HAVE_INTTYPES_H 1
| #define HAVE_STDINT_H 1
| #define HAVE_UNISTD_H 1
| /* end confdefs.h.  */
| #include <stdio.h>
| #ifdef HAVE_SYS_TYPES_H
| # include <sys/types.h>
| #endif
| #ifdef HAVE_SYS_STAT_H
| # include <sys/stat.h>
| #endif
| #ifdef STDC_HEADERS
| # include <stdlib.h>
| # include <stddef.h>
| #else
| # ifdef HAVE_STDLIB_H
| #  include <stdlib.h>
| # endif
| #endif
| #ifdef HAVE_STRING_H
| # if !defined STDC_HEADERS && defined HAVE_MEMORY_H
| #  include <memory.h>
| # endif
| # include <string.h>
| #endif
| #ifdef HAVE_STRINGS_H
| # include <strings.h>
| #endif
| #ifdef HAVE_INTTYPES_H
| # include <inttypes.h>
| #endif
| #ifdef HAVE_STDINT_H
| # include <stdint.h>
| #endif
| #ifdef HAVE_UNISTD_H
| # include <unistd.h>
| #endif
| #include <lzma.h>
configure:4447: result: no
configure:4447: checking lzma.h presence
configure:4447: gcc -E  conftest.c
conftest.c:19:18: fatal error: lzma.h: No such file or directory
compilation terminated.
configure:4447: $? = 1
configure: failed program was:
| /* confdefs.h */
| #define PACKAGE_NAME "Xdelta3"
| #define PACKAGE_TARNAME "xdelta3"
| #define PACKAGE_VERSION "3.0.4"
| #define PACKAGE_STRING "Xdelta3 3.0.4"
| #define PACKAGE_BUGREPORT "josh.macdonald@gmail.com"
| #define PACKAGE_URL "http://xdelta.org/"
| #define STDC_HEADERS 1
| #define HAVE_SYS_TYPES_H 1
| #define HAVE_SYS_STAT_H 1
| #define HAVE_STDLIB_H 1
| #define HAVE_STRING_H 1
| #define HAVE_MEMORY_H 1
| #define HAVE_STRINGS_H 1
| #define HAVE_INTTYPES_H 1
| #define HAVE_STDINT_H 1
| #define HAVE_UNISTD_H 1
| /* end confdefs.h.  */
| #include <lzma.h>
configure:4447: result: no
configure:4447: checking for lzma.h
configure:4447: result: no
configure:4457: checking for lzma_easy_buffer_encode in -llzma
configure:4482: gcc -o conftest -g -O2   conftest.c -llzma   >&5
/usr/bin/ld: cannot find -llzma
collect2: ld returned 1 exit status
configure:4482: $? = 1
configure: failed program was:
| /* confdefs.h */
| #define PACKAGE_NAME "Xdelta3"
| #define PACKAGE_TARNAME "xdelta3"
| #define PACKAGE_VERSION "3.0.4"
| #define PACKAGE_STRING "Xdelta3 3.0.4"
| #define PACKAGE_BUGREPORT "josh.macdonald@gmail.com"
| #define PACKAGE_URL "http://xdelta.org/"
| #define STDC_HEADERS 1
| #define HAVE_SYS_TYPES_H 1
| #define HAVE_SYS_STAT_H 1
| #define HAVE_STDLIB_H 1
| #define HAVE_STRING_H 1
| #define HAVE_MEMORY_H 1
| #define HAVE_STRINGS_H 1
| #define HAVE_INTTYPES_H 1
| #define HAVE_STDINT_H 1
| #define HAVE_UNISTD_H 1
| /* end confdefs.h.  */
| 
| /* Override any GCC internal prototype to avoid an error.
|    Use char because int might match the return type of a GCC
|    builtin and then its argument prototype would still apply.  */
| #ifdef __cplusplus
| extern "C"
| #endif
| char lzma_easy_buffer_encode ();
| int
| main ()
| {
| return lzma_easy_buffer_encode ();
|   ;
|   return 0;
| }
configure:4491: result: no
configure:4645: creating ./config.status

## ---------------------- ##
## Running config.status. ##
## ---------------------- ##

This file was extended by Xdelta3 config.status 3.0.4, which was
generated by GNU Autoconf 2.68.  Invocation command line was

  CONFIG_FILES    = 
  CONFIG_HEADERS  = 
  CONFIG_LINKS    = 
  CONFIG_COMMANDS = 
  $ ./config.status 

on hp-ubuntu

config.status:865: creating Makefile
config.status:851: error: cannot find input file: `config.h.in'

## ---------------- ##
## Cache variables. ##
## ---------------- ##

ac_cv_c_compiler_gnu=yes
ac_cv_cxx_compiler_gnu=yes
ac_cv_env_CCC_set=
ac_cv_env_CCC_value=
ac_cv_env_CC_set=
ac_cv_env_CC_value=
ac_cv_env_CFLAGS_set=
ac_cv_env_CFLAGS_value=
ac_cv_env_CPPFLAGS_set=
ac_cv_env_CPPFLAGS_value=
ac_cv_env_CPP_set=
ac_cv_env_CPP_value=
ac_cv_env_CXXFLAGS_set=
ac_cv_env_CXXFLAGS_value=
ac_cv_env_CXX_set=
ac_cv_env_CXX_value=
ac_cv_env_LDFLAGS_set=
ac_cv_env_LDFLAGS_value=
ac_cv_env_LIBS_set=
ac_cv_env_LIBS_value=
ac_cv_env_build_alias_set=
ac_cv_env_build_alias_value=
ac_cv_env_host_alias_set=
ac_cv_env_host_alias_value=
ac_cv_env_target_alias_set=
ac_cv_env_target_alias_value=
ac_cv_header_inttypes_h=yes
ac_cv_header_lzma_h=no
ac_cv_header_memory_h=yes
ac_cv_header_stdc=yes
ac_cv_header_stdint_h=yes
ac_cv_header_stdlib_h=yes
ac_cv_header_string_h=yes
ac_cv_header_strings_h=yes
ac_cv_header_sys_stat_h=yes
ac_cv_header_sys_types_h=yes
ac_cv_header_unistd_h=yes
ac_cv_lib_lzma_lzma_easy_buffer_encode=no
ac_cv_objext=o
ac_cv_path_EGREP='/bin/grep -E'
ac_cv_path_GREP=/bin/grep
ac_cv_path_install='/usr/bin/install -c'
ac_cv_path_mkdir=/bin/mkdir
ac_cv_prog_AWK=mawk
ac_cv_prog_CPP='gcc -E'
ac_cv_prog_ac_ct_CC=gcc
ac_cv_prog_ac_ct_CXX=g++
ac_cv_prog_cc_c89=
ac_cv_prog_cc_g=yes
ac_cv_prog_cxx_g=yes
ac_cv_prog_make_make_set=yes
am_cv_CC_dependencies_compiler_type=gcc3
am_cv_CXX_dependencies_compiler_type=gcc3
am_cv_prog_tar_ustar=gnutar

## ----------------- ##
## Output variables. ##
## ----------------- ##

ACLOCAL='${SHELL} /home/yaotong/dev/source/libpatch/jni/missing --run aclocal-1.11'
AMDEPBACKSLASH='\'
AMDEP_FALSE='#'
AMDEP_TRUE=''
AMTAR='$${TAR-tar}'
AUTOCONF='${SHELL} /home/yaotong/dev/source/libpatch/jni/missing --run autoconf'
AUTOHEADER='${SHELL} /home/yaotong/dev/source/libpatch/jni/missing --run autoheader'
AUTOMAKE='${SHELL} /home/yaotong/dev/source/libpatch/jni/missing --run automake-1.11'
AWK='mawk'
CC='gcc'
CCDEPMODE='depmode=gcc3'
CFLAGS='-g -O2'
CPP='gcc -E'
CPPFLAGS=''
CXX='g++'
CXXDEPMODE='depmode=gcc3'
CXXFLAGS='-g -O2'
CYGPATH_W='echo'
DEFS='-DHAVE_CONFIG_H'
DEPDIR='.deps'
ECHO_C=''
ECHO_N='-n'
ECHO_T=''
EGREP='/bin/grep -E'
EXEEXT=''
GREP='/bin/grep'
INSTALL_DATA='${INSTALL} -m 644'
INSTALL_PROGRAM='${INSTALL}'
INSTALL_SCRIPT='${INSTALL}'
INSTALL_STRIP_PROGRAM='$(install_sh) -c -s'
LDFLAGS=''
LIBOBJS=''
LIBS=''
LTLIBOBJS=''
MAKEINFO='${SHELL} /home/yaotong/dev/source/libpatch/jni/missing --run makeinfo'
MKDIR_P='/bin/mkdir -p'
OBJEXT='o'
PACKAGE='xdelta3'
PACKAGE_BUGREPORT='josh.macdonald@gmail.com'
PACKAGE_NAME='Xdelta3'
PACKAGE_STRING='Xdelta3 3.0.4'
PACKAGE_TARNAME='xdelta3'
PACKAGE_URL='http://xdelta.org/'
PACKAGE_VERSION='3.0.4'
PATH_SEPARATOR=':'
SET_MAKE=''
SHELL='/bin/bash'
STRIP=''
VERSION='3.0.4'
ac_ct_CC='gcc'
ac_ct_CXX='g++'
am__EXEEXT_FALSE=''
am__EXEEXT_TRUE='#'
am__fastdepCC_FALSE='#'
am__fastdepCC_TRUE=''
am__fastdepCXX_FALSE='#'
am__fastdepCXX_TRUE=''
am__include='include'
am__isrc=''
am__leading_dot='.'
am__nodep='_no'
am__quote=''
am__tar='tar --format=ustar -chf - "$$tardir"'
am__untar='tar -xf -'
bindir='${exec_prefix}/bin'
build_alias=''
datadir='${datarootdir}'
datarootdir='${prefix}/share'
docdir='${datarootdir}/doc/${PACKAGE_TARNAME}'
dvidir='${docdir}'
exec_prefix='${prefix}'
host_alias=''
htmldir='${docdir}'
includedir='${prefix}/include'
infodir='${datarootdir}/info'
install_sh='${SHELL} /home/yaotong/dev/source/libpatch/jni/install-sh'
libdir='${exec_prefix}/lib'
libexecdir='${exec_prefix}/libexec'
localedir='${datarootdir}/locale'
localstatedir='${prefix}/var'
mandir='${datarootdir}/man'
mkdir_p='/bin/mkdir -p'
oldincludedir='/usr/include'
pdfdir='${docdir}'
prefix='/usr/local'
program_transform_name='s,x,x,'
psdir='${docdir}'
sbindir='${exec_prefix}/sbin'
sharedstatedir='${prefix}/com'
sysconfdir='${prefix}/etc'
target_alias=''

## ----------- ##
## confdefs.h. ##
## ----------- ##

/* confdefs.h */
#define PACKAGE_NAME "Xdelta3"
#define PACKAGE_TARNAME "xdelta3"
#define PACKAGE_VERSION "3.0.4"
#define PACKAGE_STRING "Xdelta3 3.0.4"
#define PACKAGE_BUGREPORT "josh.macdonald@gmail.com"
#define PACKAGE_URL "http://xdelta.org/"
#define STDC_HEADERS 1
#define HAVE_SYS_TYPES_H 1
#define HAVE_SYS_STAT_H 1
#define HAVE_STDLIB_H 1
#define HAVE_STRING_H 1
#define HAVE_MEMORY_H 1
#define HAVE_STRINGS_H 1
#define HAVE_INTTYPES_H 1
#define HAVE_STDINT_H 1
#define HAVE_UNISTD_H 1

configure: exit 1
